Figwheel: focusing on build-ids (dev)
[0mCompiling "resources/public/js/compiled/om_tut.js" from ["src/client" "dev_src"]...
[32mSuccessfully compiled "resources/public/js/compiled/om_tut.js" in 0.208 seconds.[0m
notifying browser that file changed:  resources/public/js/compiled/out/goog/deps.js
notifying browser that file changed:  resources/public/js/compiled/out/cljs_deps.js
notifying browser that file changed:  \revolt_client.js
notifying browser that file changed:  \revolt_client.js
notifying browser that file changed:  \revolt_client\dev.js
Figwheel: focusing on build-ids (dev)
[0mCompiling "resources/public/js/compiled/revolt_client.js" from ["src/client" "dev_src"]...
[32mSuccessfully compiled "resources/public/js/compiled/revolt_client.js" in 0.193 seconds.[0m
notifying browser that file changed:  resources/public/js/compiled/out/goog/deps.js
notifying browser that file changed:  resources/public/js/compiled/out/cljs_deps.js
notifying browser that file changed:  \revolt_client.js
notifying browser that file changed:  \revolt_client.js
notifying browser that file changed:  \revolt_client\dev.js
[0mCompiling "resources/public/js/compiled/revolt_client.js" from ["src/client" "dev_src"]...
WARNING: revolt-client is a single segment namespace at line 1 src\client\revolt_client.cljs
[32mSuccessfully compiled "resources/public/js/compiled/revolt_client.js" in 1.281 seconds.[0m
notifying browser that file changed:  \revolt_client.js
notifying browser that file changed:  \revolt_client.js
[0mCompiling "resources/public/js/compiled/revolt_client.js" from ["src/client" "dev_src"]...
[32mSuccessfully compiled "resources/public/js/compiled/revolt_client.js" in 0.19 seconds.[0m
notifying browser that file changed:  resources/public/js/compiled/out/cljs_deps.js
notifying browser that file changed:  \revolt_client.js
notifying browser that file changed:  \revolt\client\dev.js
[0mCompiling "resources/public/js/compiled/revolt_client.js" from ["src/client" "dev_src"]...
WARNING: Required namespace not provided for revolt-client
[32mSuccessfully compiled "resources/public/js/compiled/revolt_client.js" in 1.34 seconds.[0m
notifying browser that file changed:  resources/public/js/compiled/out/cljs_deps.js
notifying browser that file changed:  \revolt_client.js
notifying browser that file changed:  \revolt\client.js
[0mCompiling "resources/public/js/compiled/revolt_client.js" from ["src/client" "dev_src"]...
[32mSuccessfully compiled "resources/public/js/compiled/revolt_client.js" in 0.16 seconds.[0m
notifying browser that file changed:  resources/public/js/compiled/out/cljs_deps.js
notifying browser that file changed:  \revolt\client\dev.js
notifying browser that file changed:  \revolt_client.js
notifying browser that file changed:  \revolt\client.js
Figwheel: focusing on build-ids (dev)
[0mCompiling "resources/public/js/compiled/revolt_client.js" from ["src/client" "dev_src"]...
[32mSuccessfully compiled "resources/public/js/compiled/revolt_client.js" in 0.21 seconds.[0m
notifying browser that file changed:  resources/public/js/compiled/out/goog/deps.js
notifying browser that file changed:  resources/public/js/compiled/out/cljs_deps.js
notifying browser that file changed:  \revolt\client.js
notifying browser that file changed:  \revolt\client.js
notifying browser that file changed:  \revolt\client\dev.js
[0mCompiling "resources/public/js/compiled/revolt_client.js" from ["src/client" "dev_src"]...
WARNING: Use of undeclared Var revolt.client/url at line 572 src\client\revolt_client.cljs
WARNING: Use of undeclared Var revolt.client/receive-msgs! at line 581 src\client\revolt_client.cljs
WARNING: Use of undeclared Var revolt.client/send-msgs! at line 582 src\client\revolt_client.cljs
WARNING: Use of undeclared Var revolt.client/ws-ch at line 591 src\client\revolt_client.cljs
[32mSuccessfully compiled "resources/public/js/compiled/revolt_client.js" in 1.543 seconds.[0m
notifying browser that file changed:  \revolt\client.js
notifying browser that file changed:  \revolt\client.js
[0mCompiling "resources/public/js/compiled/revolt_client.js" from ["src/client" "dev_src"]...
WARNING: Use of undeclared Var revolt.client/url at line 559 src\client\revolt_client.cljs
WARNING: Use of undeclared Var revolt.client/receive-msgs! at line 581 src\client\revolt_client.cljs
WARNING: Use of undeclared Var revolt.client/send-msgs! at line 582 src\client\revolt_client.cljs
WARNING: Use of undeclared Var revolt.client/ws-ch at line 591 src\client\revolt_client.cljs
[32mSuccessfully compiled "resources/public/js/compiled/revolt_client.js" in 0.929 seconds.[0m
notifying browser that file changed:  \revolt\client.js
notifying browser that file changed:  \revolt\client.js
[0mCompiling "resources/public/js/compiled/revolt_client.js" from ["src/client" "dev_src"]...
WARNING: Use of undeclared Var revolt.client/url at line 559 src\client\revolt_client.cljs
WARNING: Use of undeclared Var revolt.client/receive-msgs! at line 579 src\client\revolt_client.cljs
WARNING: Use of undeclared Var revolt.client/send-msgs! at line 580 src\client\revolt_client.cljs
WARNING: Use of undeclared Var revolt.client/ws-ch at line 589 src\client\revolt_client.cljs
[32mSuccessfully compiled "resources/public/js/compiled/revolt_client.js" in 0.817 seconds.[0m
notifying browser that file changed:  \revolt\client.js
notifying browser that file changed:  \revolt\client.js
[0mCompiling "resources/public/js/compiled/revolt_client.js" from ["src/client" "dev_src"]...
WARNING: Use of undeclared Var revolt.client/url at line 559 src\client\revolt_client.cljs
WARNING: Use of undeclared Var revolt.client/go-loop at line 579 src\client\revolt_client.cljs
[31mCompiling "resources/public/js/compiled/revolt_client.js" failed.[0m
clojure.lang.ExceptionInfo: failed compiling file:src\client\revolt_client.cljs
 at clojure.core$ex_info.invoke (core.clj:4403)
    cljs.compiler$compile_file$fn__2817.invoke (compiler.clj:1054)
    cljs.compiler$compile_file.invoke (compiler.clj:1034)
    cljs.compiler$compile_root.invoke (compiler.clj:1084)
    cljs.closure$compile_dir.invoke (closure.clj:350)
    cljs.closure$eval3156$fn__3157.invoke (closure.clj:390)
    cljs.closure$eval3092$fn__3093$G__3083__3100.invoke (closure.clj:298)
    cljs.closure$eval3143$fn__3144.invoke (closure.clj:404)
    cljs.closure$eval3092$fn__3093$G__3083__3100.invoke (closure.clj:298)
    clojurescript_build.core.CompilableSourcePaths/fn (core.clj:18)
    clojure.core$map$fn__4245.invoke (core.clj:2557)
    clojure.lang.LazySeq.sval (LazySeq.java:40)
    clojure.lang.LazySeq.seq (LazySeq.java:49)
    clojure.lang.RT.seq (RT.java:484)
    clojure.core$seq.invoke (core.clj:133)
    clojure.core$apply.invoke (core.clj:624)
    clojure.core$mapcat.doInvoke (core.clj:2586)
    clojure.lang.RestFn.invoke (RestFn.java:423)
    clojurescript_build.core.CompilableSourcePaths._compile (core.clj:18)
    cljs.closure$build.invoke (closure.clj:1087)
    clojurescript_build.core$build_source_paths_STAR_.invoke (core.clj:150)
    figwheel_sidecar.auto_builder$default_build_options$fn__15756.invoke (auto_builder.clj:66)
    figwheel_sidecar.auto_builder$warning$fn__15753.invoke (auto_builder.clj:61)
    clojurescript_build.auto$time_build$fn__15566.invoke (auto.clj:55)
    clojurescript_build.auto$after$fn__15572.invoke (auto.clj:64)
    clojurescript_build.auto$after$fn__15572.invoke (auto.clj:64)
    clojurescript_build.auto$after$fn__15572.invoke (auto.clj:64)
    clojurescript_build.auto$error$fn__15575.invoke (auto.clj:71)
    clojurescript_build.auto$before$fn__15569.invoke (auto.clj:60)
    clojurescript_build.auto$make_conditional_builder$fn__15587.invoke (auto.clj:103)
[0mCompiling "resources/public/js/compiled/revolt_client.js" from ["src/client" "dev_src"]...
WARNING: Use of undeclared Var revolt.client/url at line 560 src\client\revolt_client.cljs
WARNING: Use of undeclared Var revolt.client/go-loop at line 580 src\client\revolt_client.cljs
[31mCompiling "resources/public/js/compiled/revolt_client.js" failed.[0m
clojure.lang.ExceptionInfo: failed compiling file:src\client\revolt_client.cljs
 at clojure.core$ex_info.invoke (core.clj:4403)
    cljs.compiler$compile_file$fn__2817.invoke (compiler.clj:1054)
    cljs.compiler$compile_file.invoke (compiler.clj:1034)
    cljs.compiler$compile_root.invoke (compiler.clj:1084)
    cljs.closure$compile_dir.invoke (closure.clj:350)
    cljs.closure$eval3156$fn__3157.invoke (closure.clj:390)
    cljs.closure$eval3092$fn__3093$G__3083__3100.invoke (closure.clj:298)
    cljs.closure$eval3143$fn__3144.invoke (closure.clj:404)
    cljs.closure$eval3092$fn__3093$G__3083__3100.invoke (closure.clj:298)
    clojurescript_build.core.CompilableSourcePaths/fn (core.clj:18)
    clojure.core$map$fn__4245.invoke (core.clj:2557)
    clojure.lang.LazySeq.sval (LazySeq.java:40)
    clojure.lang.LazySeq.seq (LazySeq.java:49)
    clojure.lang.RT.seq (RT.java:484)
    clojure.core$seq.invoke (core.clj:133)
    clojure.core$apply.invoke (core.clj:624)
    clojure.core$mapcat.doInvoke (core.clj:2586)
    clojure.lang.RestFn.invoke (RestFn.java:423)
    clojurescript_build.core.CompilableSourcePaths._compile (core.clj:18)
    cljs.closure$build.invoke (closure.clj:1087)
    clojurescript_build.core$build_source_paths_STAR_.invoke (core.clj:150)
    figwheel_sidecar.auto_builder$default_build_options$fn__15756.invoke (auto_builder.clj:66)
    figwheel_sidecar.auto_builder$warning$fn__15753.invoke (auto_builder.clj:61)
    clojurescript_build.auto$time_build$fn__15566.invoke (auto.clj:55)
    clojurescript_build.auto$after$fn__15572.invoke (auto.clj:64)
    clojurescript_build.auto$after$fn__15572.invoke (auto.clj:64)
    clojurescript_build.auto$after$fn__15572.invoke (auto.clj:64)
    clojurescript_build.auto$error$fn__15575.invoke (auto.clj:71)
    clojurescript_build.auto$before$fn__15569.invoke (auto.clj:60)
    clojurescript_build.auto$make_conditional_builder$fn__15587.invoke (auto.clj:103)
[0mCompiling "resources/public/js/compiled/revolt_client.js" from ["src/client" "dev_src"]...
[32mSuccessfully compiled "resources/public/js/compiled/revolt_client.js" in 1.829 seconds.[0m
notifying browser that file changed:  resources/public/js/compiled/out/cljs_deps.js
notifying browser that file changed:  \revolt\client.js
notifying browser that file changed:  \revolt\client.js
[0mCompiling "resources/public/js/compiled/revolt_client.js" from ["src/client" "dev_src"]...
[32mSuccessfully compiled "resources/public/js/compiled/revolt_client.js" in 0.715 seconds.[0m
notifying browser that file changed:  resources/public/js/compiled/out/cljs_deps.js
notifying browser that file changed:  \revolt\client.js
notifying browser that file changed:  \revolt\client.js
[0mCompiling "resources/public/js/compiled/revolt_client.js" from ["src/client" "dev_src"]...
[32mSuccessfully compiled "resources/public/js/compiled/revolt_client.js" in 0.672 seconds.[0m
notifying browser that file changed:  resources/public/js/compiled/out/cljs_deps.js
notifying browser that file changed:  \revolt\client.js
notifying browser that file changed:  \revolt\client.js
[0mCompiling "resources/public/js/compiled/revolt_client.js" from ["src/client" "dev_src"]...
WARNING: Wrong number of args (2) passed to revolt.client/receive-msgs! at line 593 src\client\revolt_client.cljs
[32mSuccessfully compiled "resources/public/js/compiled/revolt_client.js" in 0.625 seconds.[0m
notifying browser that file changed:  \revolt\client.js
notifying browser that file changed:  \revolt\client.js
[0mCompiling "resources/public/js/compiled/revolt_client.js" from ["src/client" "dev_src"]...
WARNING: revolt-client is a single segment namespace at line 1 src\client\revolt_client.cljs.bak.cljs
[32mSuccessfully compiled "resources/public/js/compiled/revolt_client.js" in 3.234 seconds.[0m
notifying browser that file changed:  resources/public/js/compiled/out/cljs_deps.js
notifying browser that file changed:  \revolt_client.js
notifying browser that file changed:  \revolt\client.js
[0mCompiling "resources/public/js/compiled/revolt_client.js" from ["src/client" "dev_src"]...
[32mSuccessfully compiled "resources/public/js/compiled/revolt_client.js" in 0.18 seconds.[0m
notifying browser that file changed:  resources/public/js/compiled/out/cljs_deps.js
notifying browser that file changed:  \revolt\client.js
[0mCompiling "resources/public/js/compiled/revolt_client.js" from ["src/client" "dev_src"]...
WARNING: Wrong number of args (2) passed to revolt.client/receive-msgs! at line 594 src\client\revolt_client.cljs
[32mSuccessfully compiled "resources/public/js/compiled/revolt_client.js" in 0.606 seconds.[0m
notifying browser that file changed:  \revolt\client.js
notifying browser that file changed:  \revolt\client.js
[0mCompiling "resources/public/js/compiled/revolt_client.js" from ["src/client" "dev_src"]...
WARNING: Wrong number of args (2) passed to revolt.client/receive-msgs! at line 595 src\client\revolt_client.cljs
[32mSuccessfully compiled "resources/public/js/compiled/revolt_client.js" in 0.615 seconds.[0m
notifying browser that file changed:  \revolt\client.js
notifying browser that file changed:  \revolt\client.js
[0mCompiling "resources/public/js/compiled/revolt_client.js" from ["src/client" "dev_src"]...
[32mSuccessfully compiled "resources/public/js/compiled/revolt_client.js" in 0.606 seconds.[0m
notifying browser that file changed:  \revolt\client.js
notifying browser that file changed:  \revolt\client.js
Figwheel: focusing on build-ids (dev)
[0mCompiling "resources/public/js/compiled/revolt_client.js" from ["src/client" "dev_src"]...
[32mSuccessfully compiled "resources/public/js/compiled/revolt_client.js" in 0.242 seconds.[0m
notifying browser that file changed:  resources/public/js/compiled/out/goog/deps.js
notifying browser that file changed:  resources/public/js/compiled/out/cljs_deps.js
notifying browser that file changed:  \revolt\client.js
notifying browser that file changed:  \revolt\client.js
notifying browser that file changed:  \revolt\client\dev.js
[0mCompiling "resources/public/js/compiled/revolt_client.js" from ["src/client" "dev_src"]...
[32mSuccessfully compiled "resources/public/js/compiled/revolt_client.js" in 1.475 seconds.[0m
notifying browser that file changed:  \revolt\client.js
notifying browser that file changed:  \revolt\client.js
[0mCompiling "resources/public/js/compiled/revolt_client.js" from ["src/client" "dev_src"]...
[32mSuccessfully compiled "resources/public/js/compiled/revolt_client.js" in 1.142 seconds.[0m
notifying browser that file changed:  \revolt\client.js
notifying browser that file changed:  \revolt\client.js
[0mCompiling "resources/public/js/compiled/revolt_client.js" from ["src/client" "dev_src"]...
[32mSuccessfully compiled "resources/public/js/compiled/revolt_client.js" in 0.8 seconds.[0m
notifying browser that file changed:  \revolt\client.js
notifying browser that file changed:  \revolt\client.js
[0mCompiling "resources/public/js/compiled/revolt_client.js" from ["src/client" "dev_src"]...
[32mSuccessfully compiled "resources/public/js/compiled/revolt_client.js" in 0.78 seconds.[0m
notifying browser that file changed:  \revolt\client.js
notifying browser that file changed:  \revolt\client.js
Figwheel: focusing on build-ids (dev)
[0mCompiling "resources/public/js/compiled/revolt_client.js" from ["src/client" "dev_src"]...
[32mSuccessfully compiled "resources/public/js/compiled/revolt_client.js" in 0.225 seconds.[0m
notifying browser that file changed:  resources/public/js/compiled/out/goog/deps.js
notifying browser that file changed:  resources/public/js/compiled/out/cljs_deps.js
notifying browser that file changed:  \revolt\client.js
notifying browser that file changed:  \revolt\client.js
notifying browser that file changed:  \revolt\client\dev.js
Figwheel: focusing on build-ids (dev)
[0mCompiling "resources/public/js/compiled/revolt_client.js" from ["src/client" "dev_src"]...
[32mSuccessfully compiled "resources/public/js/compiled/revolt_client.js" in 0.22 seconds.[0m
notifying browser that file changed:  resources/public/js/compiled/out/goog/deps.js
notifying browser that file changed:  resources/public/js/compiled/out/cljs_deps.js
notifying browser that file changed:  \revolt\client.js
notifying browser that file changed:  \revolt\client.js
notifying browser that file changed:  \revolt\client\dev.js
[0mCompiling "resources/public/js/compiled/revolt_client.js" from ["src/client" "dev_src"]...
[32mSuccessfully compiled "resources/public/js/compiled/revolt_client.js" in 1.461 seconds.[0m
notifying browser that file changed:  \revolt\client.js
notifying browser that file changed:  \revolt\client.js
Figwheel: focusing on build-ids (dev)
[0mCompiling "resources/public/js/compiled/revolt_client.js" from ["src/client" "dev_src"]...
[32mSuccessfully compiled "resources/public/js/compiled/revolt_client.js" in 0.22 seconds.[0m
notifying browser that file changed:  resources/public/js/compiled/out/goog/deps.js
notifying browser that file changed:  resources/public/js/compiled/out/cljs_deps.js
notifying browser that file changed:  \revolt\client.js
notifying browser that file changed:  \revolt\client.js
notifying browser that file changed:  \revolt\client\dev.js
[0mCompiling "resources/public/js/compiled/revolt_client.js" from ["src/client" "dev_src"]...
[32mSuccessfully compiled "resources/public/js/compiled/revolt_client.js" in 1.445 seconds.[0m
notifying browser that file changed:  \revolt\client.js
notifying browser that file changed:  \revolt\client.js
